19.02.2025 	 21.02.11	4dbd004d-85d8-49d9-8ee7-73722d76f144	GET	/form	undefined
19.02.2025 	 21.02.11	7633c416-4328-4802-b321-688b523e17db	GET	/form	undefined
19.02.2025 	 21.02.19	90a447ba-d4c1-41bd-b57d-89cb46e62ec7	GET	/form	undefined
19.02.2025 	 22.02.16	33a69b8b-ec59-42a6-a400-75004993021e	GET	/	undefined
19.02.2025 	 22.02.18	3097594e-1d9a-44e2-910b-02c9ba10c24c	GET	/	undefined
19.02.2025 	 22.02.18	9f6cf377-ef0d-4189-af9f-d159dbc57804	GET	/	undefined
19.02.2025 	 22.02.18	7fe38be6-6153-41b1-b286-0eec46807597	GET	/	undefined
19.02.2025 	 22.02.23	82474c11-be41-4289-aad2-da15221a68d1	GET	/form	undefined
19.02.2025 	 22.02.26	c118ff60-8d3c-428a-8cf0-ee2e9f319247	POST	/submit	http://localhost:3000
19.02.2025 	 23.02.45	acfcc3d8-77d8-4660-b1e1-8e39ecbbdaa9	GET	/form	undefined
19.02.2025 	 23.02.02	80bf1b5c-58ce-46f3-a0de-07de3ccd1a06	GET	/	undefined
20.02.2025 	 02.02.27	dd297e53-49e9-4e6c-a390-a796a95968da	GET	/	undefined
20.02.2025 	 02.02.45	a2f1572f-0cad-4d52-a08f-5172796abe01	GET	/submit	undefined
20.02.2025 	 02.02.48	f950b7be-80b8-4ad9-8052-1b2285fea374	GET	/	undefined
20.02.2025 	 02.02.55	83af6fa7-ea06-4294-bf1e-5f37ce5cd322	GET	/api/	undefined
20.02.2025 	 02.02.16	f6e773b6-bb61-4ca7-b59c-30265f537d74	GET	/api/	undefined
20.02.2025 	 02.02.32	a2f8c146-05ad-45b0-b61d-cc963985b434	GET	/api/user	undefined
20.02.2025 	 02.02.43	574e862f-3a78-4bba-889d-62fc65219067	GET	/api/users	undefined
20.02.2025 	 02.02.23	fdcd1cf8-e271-439b-b331-70dbb46f8776	GET	/api/users	undefined
20.02.2025 	 02.02.09	cb77ecf4-af1a-44bb-8efc-568df1da01bf	POST	/api/users	undefined
20.02.2025 	 02.02.14	14e02a27-6be0-4236-bc18-05e18f5728f3	GET	/api/users	undefined
20.02.2025 	 02.02.56	b4ce1a42-bd6a-4c7d-b8e8-98e2c129db59	GET	/api/users	undefined
20.02.2025 	 02.02.03	58aed4b8-c038-4017-b813-fc713727ba7a	POST	/api/users	undefined
20.02.2025 	 02.02.21	cc50fb7a-896b-4418-ac8a-b7817f0b05df	GET	/api/users	undefined
20.02.2025 	 02.02.54	57a75518-e100-4d3c-81c1-1cdb6f424577	PUT	/api/users	undefined
20.02.2025 	 02.02.17	92dcc2b7-73a9-4eb7-92f8-29794e8f2073	DELETE	/api/users	undefined
20.02.2025 	 02.02.34	686eb381-067f-403a-815a-bd17bca28b76	GET	/	undefined
20.02.2025 	 02.02.36	b25d0d26-a2b8-4232-ae0d-8197c9ae2bc9	POST	/submit	http://localhost:3000
20.02.2025 	 17.02.17	938cb7a3-bead-42e2-af43-ee180d3d8c84	GET	/api/auth/login	undefined
20.02.2025 	 17.02.58	d235e4de-8a43-4c11-9a56-f5904e291cda	POST	/api/auth/register	undefined
20.02.2025 	 17.02.53	0fd78e16-2469-4dce-9f61-990d1f15941b	POST	/api/auth/register	undefined
20.02.2025 	 17.02.17	3f15c778-474d-46e5-888a-95dbf0651908	POST	/api/auth/register	undefined
20.02.2025 	 17.02.31	4831982c-d6b0-4471-a71c-826bde80043d	POST	/api/auth/register	undefined
20.02.2025 	 17.02.54	97516c1c-605d-4085-9228-d1658ac27a8e	POST	/api/auth/register	undefined
20.02.2025 	 17.02.03	346e49b6-d53f-4171-a541-f95dc09fe25e	POST	/api/auth/register	undefined
20.02.2025 	 17.02.39	8c98713a-244d-4007-9541-c0f5e0c63831	POST	/api/auth/register	undefined
20.02.2025 	 17.02.19	f27cf886-4799-4d9c-9376-c7e17d7c01b3	POST	/api/auth/register	undefined
20.02.2025 	 17.02.28	989b3ee3-8a80-42bd-aa56-1a8751da7f1c	POST	/api/auth/register	undefined
20.02.2025 	 17.02.55	d68bfaa7-c6b2-429b-8811-991322e49545	POST	/api/auth/register	undefined
20.02.2025 	 17.02.40	743e6360-466e-4d9e-ada8-eef4044e4633	GET	/api/auth/login	undefined
20.02.2025 	 18.02.32	16a1d0f8-ff65-4587-92bc-7dfc364d5906	GET	/api/users	undefined
20.02.2025 	 18.02.38	9f109bfc-dd44-4ecf-af42-d07b9e7a2d6f	POST	/api/users	undefined
20.02.2025 	 18.02.40	9e24d7de-9eb1-494d-b117-8977fe358dde	PUT	/api/users	undefined
20.02.2025 	 18.02.43	5add2e2a-1879-409a-bddc-055c2def7119	DELETE	/api/users	undefined
20.02.2025 	 18.02.45	2783dbc1-06b0-4b0b-a9c0-64b2b263495e	GET	/api/auth/login	undefined
20.02.2025 	 18.02.55	1dae80c1-adcc-40fe-9426-a1b09267e877	GET	/api/auth/login	undefined
20.02.2025 	 18.02.01	8fcf2952-c4c4-4e6c-aa3f-2e122c55573a	GET	/api/auth/login	undefined
20.02.2025 	 18.02.38	7d8f505f-8792-4629-9772-57afab28b781	GET	/api/auth/login	undefined
20.02.2025 	 18.02.42	835a88be-e5ac-48d7-a482-2c8a0521e6f8	POST	/api/auth/register	undefined
20.02.2025 	 18.02.53	2661ebba-f9a9-4688-a8a6-ee3826e57956	POST	/api/auth/register	undefined
20.02.2025 	 18.02.22	50d9ad5b-8f32-448d-9f49-c8da31df5b91	GET	/api/auth/login	undefined
20.02.2025 	 18.02.05	cb57e761-e12b-4293-9c12-3f698ea93057	GET	/api/auth/login	undefined
20.02.2025 	 18.02.19	d41f8b00-674f-4fae-a762-af962bb4a7e6	GET	/api/auth/login	undefined
20.02.2025 	 18.02.05	6feed379-2866-442f-8c5f-88dfc465c4d0	POST	/api/auth/login	undefined
20.02.2025 	 18.02.14	7960327d-4416-4df5-9e3c-a31f0f0068d3	POST	/api/auth/login	undefined
20.02.2025 	 18.02.38	7a6e37df-10f6-4b5e-9ee9-66a725a5a4e9	POST	/api/auth/login	undefined
20.02.2025 	 18.02.52	c4292df2-be1b-4977-91ee-93cb46aab7c0	POST	/api/auth/login	undefined
20.02.2025 	 18.02.08	7e988665-ac2d-4cab-9e47-d11a6e1edf50	POST	/api/auth/login	undefined
20.02.2025 	 18.02.24	50237ecd-d4b7-4e24-bcf3-b8096f939d33	POST	/api/auth/register	undefined
20.02.2025 	 18.02.32	ea58be86-8b10-4a63-9f99-bbae9d67a895	POST	/api/auth/login	undefined
20.02.2025 	 18.02.48	c80efdfd-290f-4cb8-bbd8-af5de126cf74	POST	/api/auth/login	undefined
20.02.2025 	 18.02.56	d8cae9ae-cc4e-4073-92ac-407871f1cd86	POST	/api/auth/login	undefined
20.02.2025 	 18.02.28	47036c5d-4ea6-407f-a83b-4021a3f341ce	POST	/api/auth/login	undefined
20.02.2025 	 18.02.49	ce577595-5d7d-4c5f-8330-c20d02f74b9e	POST	/api/auth/login	undefined
20.02.2025 	 18.02.52	d9b72187-4cd7-42bc-8082-f55c4ceee107	POST	/api/auth/login	undefined
20.02.2025 	 18.02.48	c3ba2175-69b8-46bf-bf8c-f3a8dee6f28c	GET	/api/users	undefined
20.02.2025 	 18.02.26	2659e33b-beed-4e1e-9e0b-3a42b904c603	GET	/api/users	undefined
20.02.2025 	 18.02.51	07ed056c-656f-440b-8e96-592565951984	GET	/api/users	undefined
20.02.2025 	 18.02.17	ce943be5-44ca-4e7e-a192-f6e12d1e2934	GET	/api/users	undefined
